<?xml version="1.0" encoding="UTF-8"?>
<testng-results ignored="0" total="1" passed="1" failed="0" skipped="0">
  <reporter-output>
  </reporter-output>
  <suite started-at="2021-08-31T15:41:09 IST" name="Suite" finished-at="2021-08-31T15:41:09 IST" duration-ms="29">
    <groups>
    </groups>
    <test started-at="2021-08-31T15:41:09 IST" name="Test" finished-at="2021-08-31T15:41:09 IST" duration-ms="29">
      <class name="testng.testngreview">
        <test-method is-config="true" signature="beforeTest()[pri:0, instance:testng.testngreview@6e0f5f7f]" started-at="2021-08-31T15:41:09 IST" name="beforeTest" finished-at="2021-08-31T15:41:09 IST" duration-ms="4" status="PASS">
          <reporter-output>
          </reporter-output>
        </test-method> <!-- beforeTest -->
        <test-method signature="f()[pri:0, instance:testng.testngreview@6e0f5f7f]" started-at="2021-08-31T15:41:09 IST" name="f" finished-at="2021-08-31T15:41:09 IST" duration-ms="4" status="PASS">
          <reporter-output>
          </reporter-output>
        </test-method> <!-- f -->
        <test-method is-config="true" signature="afterTest()[pri:0, instance:testng.testngreview@6e0f5f7f]" started-at="2021-08-31T15:41:09 IST" name="afterTest" finished-at="2021-08-31T15:41:09 IST" duration-ms="0" status="PASS">
          <reporter-output>
          </reporter-output>
        </test-method> <!-- afterTest -->
      </class> <!-- testng.testngreview -->
    </test> <!-- Test -->
  </suite> <!-- Suite -->
</testng-results>
